<?xml version="1.0" encoding="UTF-8"?>
<!-- Generated by org.testng.reporters.JUnitReportReporter -->
<testsuite hostname="Arpits-MBP.fritz.box" failures="0" tests="1" name="payconiq.assignment.testcases.TC001_Get_All_Gists" time="0.853" errors="0" timestamp="2020-04-19T21:18:45 CEST" skipped="0">
  <testcase classname="payconiq.assignment.testcases.TC001_Get_All_Gists" name="getAllGistsForUser" time="0.853"/>
  <system-out/>
</testsuite> <!-- payconiq.assignment.testcases.TC001_Get_All_Gists -->
